PLINK v1.90b6.21 64-bit (19 Oct 2020)
Options in effect:
  --bfile /data/AD/data/ROSMAP/onlyCatalog/plink_eur/CN_MCI/CN_MCI.ovp
  --ci 0.95
  --covar /data/AD/data/ROSMAP/onlyCatalog/covar/CN_MCI.cov
  --hide-covar
  --logistic
  --out /data/AD/data/ROSMAP/onlyCatalog/logistic_eur/CN_MCI
  --pheno /data/AD/data/ROSMAP/onlyCatalog/phenotype/CN_MCI.phe
  --threads 20

Hostname: aiserver
Working directory: /data/AD/data/ROSMAP/onlyCatalog/code
Start time: Wed Jul 31 06:17:36 2024

Note: --hide-covar flag deprecated.  Use e.g. "--linear hide-covar".
Random number seed: 1722406656
515176 MB RAM detected; reserving 257588 MB for main workspace.
1322 variants loaded from .bim file.
676 people (244 males, 432 females) loaded from .fam.
676 phenotype values present after --pheno.
Using 1 thread (no multithreaded calculations invoked).
--covar: 7 covariates loaded.
6 people had missing value(s).
Before main variant filters, 676 founders and 0 nonfounders present.
Calculating allele frequencies... done.
Total genotyping rate is 0.99984.
1322 variants and 676 people pass filters and QC.
Among remaining phenotypes, 294 are cases and 376 are controls.  (6 phenotypes
are missing.)
Writing logistic model association results to
/data/AD/data/ROSMAP/onlyCatalog/logistic_eur/CN_MCI.assoc.logistic ... done.

End time: Wed Jul 31 06:17:36 2024
